2025-03-20 11:47:04,654 | envio | 3 | 84 | 0 | 131 | 43849
2025-03-20 11:47:04,979 | recebido | 4 | 12
2025-03-20 11:47:05,195 | envio | 3 | 84 | 1 | 131 | 8976
2025-03-20 11:47:05,583 | recebido | 4 | 12
2025-03-20 11:47:05,784 | envio | 3 | 84 | 2 | 131 | 31513
2025-03-20 11:47:06,111 | recebido | 4 | 12
2025-03-20 11:47:06,297 | envio | 3 | 84 | 3 | 131 | 24247
2025-03-20 11:47:06,654 | recebido | 4 | 12
2025-03-20 11:47:06,854 | envio | 3 | 84 | 4 | 131 | 7343
2025-03-20 11:47:07,388 | recebido | 4 | 12
2025-03-20 11:47:07,622 | envio | 3 | 84 | 5 | 131 | 57468
2025-03-20 11:47:07,979 | recebido | 4 | 12
2025-03-20 11:47:08,196 | envio | 3 | 84 | 6 | 131 | 16419
2025-03-20 11:47:08,432 | recebido | 4 | 12
2025-03-20 11:47:08,650 | envio | 3 | 84 | 7 | 131 | 55635
2025-03-20 11:47:09,147 | recebido | 4 | 12
2025-03-20 11:47:09,350 | envio | 3 | 84 | 8 | 131 | 25375
2025-03-20 11:47:09,768 | recebido | 4 | 12
2025-03-20 11:47:10,000 | envio | 3 | 84 | 9 | 131 | 48155
2025-03-20 11:47:10,340 | recebido | 4 | 12
2025-03-20 11:47:10,560 | envio | 3 | 84 | 10 | 131 | 14644
2025-03-20 11:47:10,930 | recebido | 4 | 12
2025-03-20 11:47:11,147 | envio | 3 | 84 | 11 | 131 | 39371
2025-03-20 11:47:11,537 | recebido | 4 | 12
2025-03-20 11:47:11,803 | envio | 3 | 84 | 12 | 131 | 45281
2025-03-20 11:47:12,162 | recebido | 4 | 12
2025-03-20 11:47:12,363 | envio | 3 | 84 | 13 | 131 | 63546
2025-03-20 11:47:12,752 | recebido | 4 | 12
2025-03-20 11:47:13,017 | envio | 3 | 84 | 14 | 131 | 36700
2025-03-20 11:47:13,421 | recebido | 4 | 12
2025-03-20 11:47:13,620 | envio | 3 | 84 | 15 | 131 | 23259
2025-03-20 11:47:13,881 | recebido | 4 | 12
2025-03-20 11:47:14,082 | envio | 3 | 84 | 16 | 131 | 6140
2025-03-20 11:47:14,578 | recebido | 4 | 12
2025-03-20 11:47:14,842 | envio | 3 | 84 | 17 | 131 | 31152
2025-03-20 11:47:15,277 | recebido | 4 | 12
2025-03-20 11:47:15,494 | envio | 3 | 84 | 18 | 131 | 2930
2025-03-20 11:47:15,836 | recebido | 4 | 12
2025-03-20 11:47:16,054 | envio | 3 | 84 | 19 | 131 | 19599
2025-03-20 11:47:16,410 | recebido | 4 | 12
2025-03-20 11:47:16,610 | envio | 3 | 84 | 20 | 131 | 28467
2025-03-20 11:47:17,031 | recebido | 4 | 12
2025-03-20 11:47:17,249 | envio | 3 | 84 | 21 | 131 | 24150
2025-03-20 11:47:17,590 | recebido | 4 | 12
2025-03-20 11:47:17,821 | envio | 3 | 84 | 22 | 131 | 5357
2025-03-20 11:47:18,285 | recebido | 4 | 12
2025-03-20 11:47:18,489 | envio | 3 | 84 | 23 | 131 | 43828
2025-03-20 11:47:18,968 | recebido | 4 | 12
2025-03-20 11:47:19,186 | envio | 3 | 84 | 24 | 131 | 39827
2025-03-20 11:47:19,607 | recebido | 4 | 12
2025-03-20 11:47:19,841 | envio | 3 | 84 | 25 | 131 | 39613
2025-03-20 11:47:20,136 | recebido | 4 | 12
2025-03-20 11:47:20,354 | envio | 3 | 84 | 26 | 131 | 64785
2025-03-20 11:47:20,773 | recebido | 4 | 12
2025-03-20 11:47:21,023 | envio | 3 | 84 | 27 | 131 | 65504
2025-03-20 11:47:21,303 | recebido | 4 | 12
2025-03-20 11:47:21,538 | envio | 3 | 84 | 28 | 131 | 56034
2025-03-20 11:47:21,940 | recebido | 4 | 12
2025-03-20 11:47:22,143 | envio | 3 | 84 | 29 | 131 | 50474
2025-03-20 11:47:22,547 | recebido | 4 | 12
2025-03-20 11:47:22,794 | envio | 3 | 84 | 30 | 131 | 24943
2025-03-20 11:47:23,183 | recebido | 4 | 12
2025-03-20 11:47:23,373 | envio | 3 | 84 | 31 | 131 | 24837
2025-03-20 11:47:23,760 | recebido | 4 | 12
2025-03-20 11:47:24,009 | envio | 3 | 84 | 32 | 131 | 23771
2025-03-20 11:47:24,462 | recebido | 4 | 12
2025-03-20 11:47:24,664 | envio | 3 | 84 | 33 | 131 | 40562
2025-03-20 11:47:24,864 | recebido | 4 | 12
2025-03-20 11:47:25,082 | envio | 3 | 84 | 34 | 131 | 43909
2025-03-20 11:47:25,607 | recebido | 4 | 12
2025-03-20 11:47:25,872 | envio | 3 | 84 | 35 | 131 | 56825
2025-03-20 11:47:26,259 | recebido | 4 | 12
2025-03-20 11:47:26,493 | envio | 3 | 84 | 36 | 131 | 39125
2025-03-20 11:47:26,727 | recebido | 4 | 12
2025-03-20 11:47:26,960 | envio | 3 | 84 | 37 | 131 | 24288
2025-03-20 11:47:27,288 | recebido | 4 | 12
2025-03-20 11:47:27,522 | envio | 3 | 84 | 38 | 131 | 49991
2025-03-20 11:47:27,924 | recebido | 4 | 12
2025-03-20 11:47:28,190 | envio | 3 | 84 | 39 | 131 | 39900
2025-03-20 11:47:28,534 | recebido | 4 | 12
2025-03-20 11:47:28,768 | envio | 3 | 84 | 40 | 131 | 31240
2025-03-20 11:47:29,265 | recebido | 4 | 12
2025-03-20 11:47:29,481 | envio | 3 | 84 | 41 | 131 | 12187
2025-03-20 11:47:29,760 | recebido | 4 | 12
2025-03-20 11:47:29,978 | envio | 3 | 84 | 42 | 131 | 28108
2025-03-20 11:47:30,394 | recebido | 4 | 12
2025-03-20 11:47:30,627 | envio | 3 | 84 | 43 | 131 | 20990
2025-03-20 11:47:30,986 | recebido | 4 | 12
2025-03-20 11:47:31,202 | envio | 3 | 84 | 44 | 131 | 42852
2025-03-20 11:47:31,654 | recebido | 4 | 12
2025-03-20 11:47:31,855 | envio | 3 | 84 | 45 | 131 | 37358
2025-03-20 11:47:32,273 | recebido | 4 | 12
2025-03-20 11:47:32,476 | envio | 3 | 84 | 46 | 131 | 23123
2025-03-20 11:47:32,863 | recebido | 4 | 12
2025-03-20 11:47:33,082 | envio | 3 | 84 | 47 | 131 | 22384
2025-03-20 11:47:33,362 | recebido | 4 | 12
2025-03-20 11:47:33,579 | envio | 3 | 84 | 48 | 131 | 48536
2025-03-20 11:47:34,073 | recebido | 4 | 12
2025-03-20 11:47:34,290 | envio | 3 | 84 | 49 | 131 | 63759
2025-03-20 11:47:34,734 | recebido | 4 | 12
2025-03-20 11:47:34,934 | envio | 3 | 84 | 50 | 131 | 50995
2025-03-20 11:47:35,289 | recebido | 4 | 12
2025-03-20 11:47:35,506 | envio | 3 | 84 | 51 | 131 | 37747
2025-03-20 11:47:35,738 | recebido | 4 | 12
2025-03-20 11:47:35,954 | envio | 3 | 84 | 52 | 131 | 60601
2025-03-20 11:47:36,416 | recebido | 4 | 12
2025-03-20 11:47:36,635 | envio | 3 | 84 | 53 | 131 | 39651
2025-03-20 11:47:36,993 | recebido | 4 | 12
2025-03-20 11:47:37,210 | envio | 3 | 84 | 54 | 131 | 31688
2025-03-20 11:47:37,536 | recebido | 4 | 12
2025-03-20 11:47:37,770 | envio | 3 | 84 | 55 | 131 | 48305
2025-03-20 11:47:38,189 | recebido | 4 | 12
2025-03-20 11:47:38,407 | envio | 3 | 84 | 56 | 131 | 34251
2025-03-20 11:47:38,795 | recebido | 4 | 12
2025-03-20 11:47:39,027 | envio | 3 | 84 | 57 | 131 | 38610
2025-03-20 11:47:39,458 | recebido | 4 | 12
2025-03-20 11:47:39,692 | envio | 3 | 84 | 58 | 131 | 14937
2025-03-20 11:47:39,908 | recebido | 4 | 12
2025-03-20 11:47:40,126 | envio | 3 | 84 | 59 | 131 | 48264
2025-03-20 11:47:40,547 | recebido | 4 | 12
2025-03-20 11:47:40,779 | envio | 3 | 84 | 60 | 131 | 57389
2025-03-20 11:47:41,119 | recebido | 4 | 12
2025-03-20 11:47:41,337 | envio | 3 | 84 | 61 | 131 | 41237
2025-03-20 11:47:41,770 | recebido | 4 | 12
2025-03-20 11:47:41,972 | envio | 3 | 84 | 62 | 131 | 11366
2025-03-20 11:47:42,408 | recebido | 4 | 12
2025-03-20 11:47:42,639 | envio | 3 | 84 | 63 | 131 | 56379
2025-03-20 11:47:43,026 | recebido | 4 | 12
2025-03-20 11:47:43,256 | envio | 3 | 84 | 64 | 131 | 21676
2025-03-20 11:47:43,477 | recebido | 4 | 12
2025-03-20 11:47:43,694 | envio | 3 | 84 | 65 | 131 | 49024
2025-03-20 11:47:44,114 | recebido | 4 | 12
2025-03-20 11:47:44,360 | envio | 3 | 84 | 66 | 131 | 11425
2025-03-20 11:47:44,824 | recebido | 4 | 12
2025-03-20 11:47:45,071 | envio | 3 | 84 | 67 | 131 | 21404
2025-03-20 11:47:45,288 | recebido | 4 | 12
2025-03-20 11:47:45,505 | envio | 3 | 84 | 68 | 131 | 43713
2025-03-20 11:47:45,907 | recebido | 4 | 12
2025-03-20 11:47:46,124 | envio | 3 | 84 | 69 | 131 | 29147
2025-03-20 11:47:46,509 | recebido | 4 | 12
2025-03-20 11:47:46,756 | envio | 3 | 84 | 70 | 131 | 31947
2025-03-20 11:47:47,205 | recebido | 4 | 12
2025-03-20 11:47:47,409 | envio | 3 | 84 | 71 | 131 | 10785
2025-03-20 11:47:47,797 | recebido | 4 | 12
2025-03-20 11:47:48,031 | envio | 3 | 84 | 72 | 131 | 19401
2025-03-20 11:47:48,391 | recebido | 4 | 12
2025-03-20 11:47:48,608 | envio | 3 | 84 | 73 | 131 | 10201
2025-03-20 11:47:48,983 | recebido | 4 | 12
2025-03-20 11:47:49,200 | envio | 3 | 84 | 74 | 131 | 42934
2025-03-20 11:47:49,680 | recebido | 4 | 12
2025-03-20 11:47:49,880 | envio | 3 | 84 | 75 | 131 | 13124
2025-03-20 11:47:50,173 | recebido | 4 | 12
2025-03-20 11:47:50,422 | envio | 3 | 84 | 76 | 131 | 65530
2025-03-20 11:47:50,840 | recebido | 4 | 12
2025-03-20 11:47:51,056 | envio | 3 | 84 | 77 | 131 | 29139
2025-03-20 11:47:51,321 | recebido | 4 | 12
2025-03-20 11:47:51,568 | envio | 3 | 84 | 78 | 131 | 24056
2025-03-20 11:47:52,006 | recebido | 4 | 12
2025-03-20 11:47:52,239 | envio | 3 | 84 | 79 | 131 | 35436
2025-03-20 11:47:52,628 | recebido | 4 | 12
2025-03-20 11:47:52,829 | envio | 3 | 84 | 80 | 131 | 31277
2025-03-20 11:47:53,217 | recebido | 4 | 12
2025-03-20 11:47:53,433 | envio | 3 | 84 | 81 | 131 | 62622
2025-03-20 11:47:53,868 | recebido | 4 | 12
2025-03-20 11:47:54,069 | envio | 3 | 84 | 82 | 131 | 58205
2025-03-20 11:47:54,459 | recebido | 4 | 12
2025-03-20 11:47:54,676 | envio | 3 | 84 | 83 | 131 | 39233
2025-03-20 11:47:55,124 | recebido | 4 | 12
2025-03-20 11:47:55,327 | envio | 3 | 84 | 84 | 131 | 26447
2025-03-20 11:47:55,732 | recebido | 4 | 12
2025-03-20 11:47:55,950 | envio | 3 | 84 | 85 | 131 | 61627
2025-03-20 11:47:56,183 | recebido | 4 | 12
2025-03-20 11:47:56,386 | envio | 3 | 84 | 86 | 131 | 31640
2025-03-20 11:47:56,806 | recebido | 4 | 12
2025-03-20 11:47:57,007 | envio | 3 | 84 | 87 | 131 | 46238
2025-03-20 11:47:57,502 | recebido | 4 | 12
2025-03-20 11:47:57,737 | envio | 3 | 84 | 88 | 131 | 34503
2025-03-20 11:47:58,079 | recebido | 4 | 12
2025-03-20 11:47:58,298 | envio | 3 | 84 | 89 | 131 | 2680
2025-03-20 11:47:58,735 | recebido | 4 | 12
2025-03-20 11:47:58,970 | envio | 3 | 84 | 90 | 131 | 7937
2025-03-20 11:47:59,298 | recebido | 4 | 12
2025-03-20 11:47:59,515 | envio | 3 | 84 | 91 | 131 | 8429
2025-03-20 11:47:59,872 | recebido | 4 | 12
2025-03-20 11:48:00,074 | envio | 3 | 84 | 92 | 131 | 16492
2025-03-20 11:48:00,510 | recebido | 4 | 12
2025-03-20 11:48:00,743 | envio | 3 | 84 | 93 | 131 | 6945
2025-03-20 11:48:01,132 | recebido | 4 | 12
2025-03-20 11:48:01,349 | envio | 3 | 84 | 94 | 131 | 17482
2025-03-20 11:48:01,865 | recebido | 4 | 12
2025-03-20 11:48:02,130 | envio | 3 | 84 | 95 | 131 | 64940
2025-03-20 11:48:02,396 | recebido | 4 | 12
2025-03-20 11:48:02,614 | envio | 3 | 84 | 96 | 131 | 46067
2025-03-20 11:48:03,017 | recebido | 4 | 12
2025-03-20 11:48:03,220 | envio | 3 | 84 | 97 | 131 | 21639
2025-03-20 11:48:03,582 | recebido | 4 | 12
2025-03-20 11:48:03,814 | envio | 3 | 84 | 98 | 131 | 7699
2025-03-20 11:48:04,250 | recebido | 4 | 12
2025-03-20 11:48:04,453 | envio | 3 | 84 | 99 | 131 | 47766
2025-03-20 11:48:04,827 | recebido | 4 | 12
2025-03-20 11:48:05,027 | envio | 3 | 84 | 100 | 131 | 54676
2025-03-20 11:48:05,356 | recebido | 4 | 12
2025-03-20 11:48:05,558 | envio | 3 | 84 | 101 | 131 | 39462
2025-03-20 11:48:05,930 | recebido | 4 | 12
2025-03-20 11:48:06,135 | envio | 3 | 84 | 102 | 131 | 51486
2025-03-20 11:48:06,523 | recebido | 4 | 12
2025-03-20 11:48:06,726 | envio | 3 | 84 | 103 | 131 | 65490
2025-03-20 11:48:07,132 | recebido | 4 | 12
2025-03-20 11:48:07,348 | envio | 3 | 84 | 104 | 131 | 27461
2025-03-20 11:48:07,802 | recebido | 4 | 12
2025-03-20 11:48:08,036 | envio | 3 | 84 | 105 | 131 | 15491
2025-03-20 11:48:08,358 | recebido | 4 | 12
2025-03-20 11:48:08,623 | envio | 3 | 84 | 106 | 131 | 60321
2025-03-20 11:48:08,966 | recebido | 4 | 12
2025-03-20 11:48:09,168 | envio | 3 | 84 | 107 | 131 | 10387
2025-03-20 11:48:09,727 | recebido | 4 | 12
2025-03-20 11:48:09,960 | envio | 3 | 84 | 108 | 131 | 17106
2025-03-20 11:48:10,290 | recebido | 4 | 12
2025-03-20 11:48:10,506 | envio | 3 | 84 | 109 | 131 | 38411
2025-03-20 11:48:10,850 | recebido | 4 | 12
2025-03-20 11:48:11,051 | envio | 3 | 84 | 110 | 131 | 31130
2025-03-20 11:48:11,535 | recebido | 4 | 12
2025-03-20 11:48:11,736 | envio | 3 | 84 | 111 | 131 | 1647
2025-03-20 11:48:12,139 | recebido | 4 | 12
2025-03-20 11:48:12,387 | envio | 3 | 84 | 112 | 131 | 61898
2025-03-20 11:48:12,696 | recebido | 4 | 12
2025-03-20 11:48:12,913 | envio | 3 | 84 | 113 | 131 | 28970
2025-03-20 11:48:13,334 | recebido | 4 | 12
2025-03-20 11:48:13,550 | envio | 3 | 84 | 114 | 131 | 8597
2025-03-20 11:48:13,924 | recebido | 4 | 12
2025-03-20 11:48:14,157 | envio | 3 | 84 | 115 | 131 | 54265
2025-03-20 11:48:14,450 | recebido | 4 | 12
2025-03-20 11:48:14,670 | envio | 3 | 84 | 116 | 131 | 12738
2025-03-20 11:48:15,149 | recebido | 4 | 12
2025-03-20 11:48:15,386 | envio | 3 | 84 | 117 | 131 | 12002
2025-03-20 11:48:15,741 | recebido | 4 | 12
2025-03-20 11:48:15,942 | envio | 3 | 84 | 118 | 131 | 20768
2025-03-20 11:48:16,329 | recebido | 4 | 12
2025-03-20 11:48:16,563 | envio | 3 | 84 | 119 | 131 | 24233
2025-03-20 11:48:16,811 | recebido | 4 | 12
2025-03-20 11:48:17,013 | envio | 3 | 84 | 120 | 131 | 27563
2025-03-20 11:48:17,430 | recebido | 4 | 12
2025-03-20 11:48:17,677 | envio | 3 | 84 | 121 | 131 | 17233
2025-03-20 11:48:18,033 | recebido | 4 | 12
2025-03-20 11:48:18,251 | envio | 3 | 84 | 122 | 131 | 5777
2025-03-20 11:48:18,699 | recebido | 4 | 12
2025-03-20 11:48:18,886 | envio | 3 | 84 | 123 | 131 | 40688
2025-03-20 11:48:19,310 | recebido | 4 | 12
2025-03-20 11:48:19,513 | envio | 3 | 84 | 124 | 131 | 62663
2025-03-20 11:48:19,915 | recebido | 4 | 12
2025-03-20 11:48:20,134 | envio | 3 | 84 | 125 | 131 | 46628
2025-03-20 11:48:20,568 | recebido | 4 | 12
2025-03-20 11:48:20,786 | envio | 3 | 84 | 126 | 131 | 19623
2025-03-20 11:48:21,160 | recebido | 4 | 12
2025-03-20 11:48:21,378 | envio | 3 | 84 | 127 | 131 | 8433
2025-03-20 11:48:21,750 | recebido | 4 | 12
2025-03-20 11:48:21,981 | envio | 3 | 84 | 128 | 131 | 20588
2025-03-20 11:48:22,386 | recebido | 4 | 12
2025-03-20 11:48:22,606 | envio | 3 | 84 | 129 | 131 | 18918
2025-03-20 11:48:22,988 | recebido | 4 | 12
2025-03-20 11:48:23,219 | envio | 3 | 33 | 130 | 131 | 59301
2025-03-20 11:48:23,560 | recebido | 4 | 12
2025-03-20 12:19:22,580 | envio | 3 | 85 | 0 | 131 | 43849
2025-03-20 12:19:22,910 | recebido | 6 | 12
2025-03-20 12:19:23,208 | envio | 3 | 85 | 0 | 131 | 43849
2025-03-20 12:19:23,514 | recebido | 6 | 12
2025-03-20 12:19:23,764 | envio | 3 | 85 | 0 | 131 | 43849
2025-03-20 12:19:23,994 | recebido | 6 | 12
2025-03-20 12:19:24,220 | envio | 3 | 85 | 0 | 131 | 43849
2025-03-20 12:19:24,572 | recebido | 6 | 12
2025-03-20 12:19:24,838 | envio | 3 | 85 | 0 | 131 | 43849
2025-03-20 12:19:25,214 | recebido | 6 | 12
2025-03-20 12:19:25,440 | envio | 3 | 85 | 0 | 131 | 43849
2025-03-20 12:19:25,727 | recebido | 6 | 12
2025-03-20 12:19:26,006 | envio | 3 | 85 | 0 | 131 | 43849
2025-03-20 12:19:26,312 | recebido | 6 | 12
2025-03-20 12:19:26,604 | envio | 3 | 85 | 0 | 131 | 43849
2025-03-20 12:19:26,896 | recebido | 6 | 12
2025-03-20 12:19:27,138 | envio | 3 | 85 | 0 | 131 | 43849
2025-03-20 12:19:27,452 | recebido | 6 | 12
2025-03-20 12:19:27,678 | envio | 3 | 85 | 0 | 131 | 43849
2025-03-20 12:19:28,109 | recebido | 6 | 12
2025-03-20 12:19:28,350 | envio | 3 | 85 | 0 | 131 | 43849
2025-03-20 12:19:28,722 | recebido | 6 | 12
2025-03-20 12:19:29,004 | envio | 3 | 85 | 0 | 131 | 43849
2025-03-20 12:19:29,116 | recebido | 6 | 12
2025-03-20 12:19:29,372 | envio | 3 | 85 | 0 | 131 | 43849
2025-03-20 12:19:29,832 | recebido | 6 | 12
2025-03-20 12:19:30,107 | envio | 3 | 85 | 0 | 131 | 43849
2025-03-20 12:19:30,370 | recebido | 6 | 12
2025-03-20 12:19:30,612 | envio | 3 | 85 | 0 | 131 | 43849
2025-03-20 12:19:30,880 | recebido | 6 | 12
2025-03-20 12:19:31,143 | envio | 3 | 85 | 0 | 131 | 43849
2025-03-20 12:19:31,488 | recebido | 6 | 12
2025-03-20 12:19:31,756 | envio | 3 | 85 | 0 | 131 | 43849
2025-03-20 12:19:32,113 | recebido | 6 | 12
2025-03-20 12:19:32,343 | envio | 3 | 85 | 0 | 131 | 43849
2025-03-20 12:19:32,518 | recebido | 6 | 12
2025-03-20 12:19:32,752 | envio | 3 | 85 | 0 | 131 | 43849
2025-03-20 12:19:33,148 | recebido | 6 | 12
2025-03-20 12:19:33,398 | envio | 3 | 85 | 0 | 131 | 43849
2025-03-20 12:19:33,712 | recebido | 6 | 12
2025-03-20 12:19:34,014 | envio | 3 | 85 | 0 | 131 | 43849
2025-03-20 12:19:34,336 | recebido | 6 | 12
2025-03-20 12:19:34,586 | envio | 3 | 85 | 0 | 131 | 43849
2025-03-20 12:19:34,928 | recebido | 6 | 12
2025-03-20 12:19:35,194 | envio | 3 | 85 | 0 | 131 | 43849
2025-03-20 12:19:35,356 | recebido | 6 | 12
2025-03-20 12:19:35,600 | envio | 3 | 85 | 0 | 131 | 43849
2025-03-20 12:19:35,986 | recebido | 6 | 12
2025-03-20 12:19:36,222 | envio | 3 | 85 | 0 | 131 | 43849
2025-03-20 12:19:36,666 | recebido | 6 | 12
2025-03-20 12:19:36,916 | envio | 3 | 85 | 0 | 131 | 43849
2025-03-20 12:19:37,118 | recebido | 6 | 12
2025-03-20 12:19:37,367 | envio | 3 | 85 | 0 | 131 | 43849
2025-03-20 12:19:37,708 | recebido | 6 | 12
2025-03-20 12:19:37,934 | envio | 3 | 85 | 0 | 131 | 43849
2025-03-20 12:19:38,308 | recebido | 6 | 12
2025-03-20 12:19:38,526 | envio | 3 | 85 | 0 | 131 | 43849
2025-03-20 12:19:38,988 | recebido | 6 | 12
2025-03-20 12:19:39,222 | envio | 3 | 85 | 0 | 131 | 43849
2025-03-20 12:19:39,448 | recebido | 6 | 12
2025-03-20 12:19:39,724 | envio | 3 | 85 | 0 | 131 | 43849
2025-03-20 12:19:40,116 | recebido | 6 | 12
2025-03-20 12:19:40,356 | envio | 3 | 85 | 0 | 131 | 43849
2025-03-20 12:19:40,606 | recebido | 6 | 12
2025-03-20 12:19:40,840 | envio | 3 | 85 | 0 | 131 | 43849
2025-03-20 12:19:41,196 | recebido | 6 | 12
2025-03-20 12:19:41,430 | envio | 3 | 85 | 0 | 131 | 43849
2025-03-20 12:19:41,792 | recebido | 6 | 12
2025-03-20 12:19:42,040 | envio | 3 | 85 | 0 | 131 | 43849
2025-03-20 12:19:42,368 | recebido | 6 | 12
2025-03-20 12:19:42,660 | envio | 3 | 85 | 0 | 131 | 43849
2025-03-20 12:19:42,950 | recebido | 6 | 12
2025-03-20 12:19:43,146 | envio | 3 | 85 | 0 | 131 | 43849
2025-03-20 12:19:43,523 | recebido | 6 | 12
2025-03-20 12:19:43,744 | envio | 3 | 85 | 0 | 131 | 43849
2025-03-20 12:19:44,077 | recebido | 6 | 12
2025-03-20 12:19:44,287 | envio | 3 | 85 | 0 | 131 | 43849
2025-03-20 12:19:44,681 | recebido | 6 | 12
2025-03-20 12:19:44,902 | envio | 3 | 85 | 0 | 131 | 43849
2025-03-20 12:19:45,268 | recebido | 6 | 12
2025-03-20 12:19:45,546 | envio | 3 | 85 | 0 | 131 | 43849
2025-03-20 12:19:45,707 | recebido | 6 | 12
2025-03-20 12:19:46,002 | envio | 3 | 85 | 0 | 131 | 43849
2025-03-20 12:19:46,246 | recebido | 6 | 12
2025-03-20 12:19:46,471 | envio | 3 | 85 | 0 | 131 | 43849
2025-03-20 12:23:50,666 | envio | 3 | 85 | 0 | 131 | 43849
2025-03-20 12:23:50,922 | recebido | 4 | 12
2025-03-20 12:23:51,179 | envio | 3 | 85 | 1 | 131 | 8976
2025-03-20 12:23:51,504 | recebido | 4 | 12
2025-03-20 12:23:51,752 | envio | 3 | 85 | 2 | 131 | 31513
2025-03-20 12:23:52,041 | recebido | 4 | 12
2025-03-20 12:23:52,274 | envio | 3 | 85 | 3 | 131 | 24247
2025-03-20 12:23:52,638 | recebido | 4 | 12
2025-03-20 12:23:52,886 | envio | 3 | 85 | 4 | 131 | 7343
2025-03-20 12:23:53,408 | recebido | 4 | 12
2025-03-20 12:23:53,672 | envio | 3 | 85 | 5 | 131 | 57468
2025-03-20 12:23:53,876 | recebido | 4 | 12
2025-03-20 12:23:54,173 | envio | 3 | 85 | 6 | 131 | 16419
2025-03-20 12:23:54,472 | recebido | 4 | 12
2025-03-20 12:23:54,683 | envio | 3 | 85 | 7 | 131 | 55635
2025-03-20 12:23:55,046 | recebido | 4 | 12
2025-03-20 12:23:55,318 | envio | 3 | 85 | 8 | 131 | 25375
2025-03-20 12:23:55,760 | recebido | 4 | 12
2025-03-20 12:23:55,980 | envio | 3 | 85 | 9 | 131 | 48155
2025-03-20 12:23:56,232 | recebido | 4 | 12
2025-03-20 12:23:56,480 | envio | 3 | 85 | 10 | 131 | 14644
2025-03-20 12:23:56,862 | recebido | 4 | 12
2025-03-20 12:23:57,092 | envio | 3 | 85 | 11 | 131 | 39371
2025-03-20 12:23:57,360 | recebido | 4 | 12
2025-03-20 12:23:57,595 | envio | 3 | 85 | 12 | 131 | 45281
2025-03-20 12:23:57,995 | recebido | 4 | 12
2025-03-20 12:23:58,194 | envio | 3 | 85 | 13 | 131 | 63546
2025-03-20 12:23:58,578 | recebido | 4 | 12
2025-03-20 12:23:58,792 | envio | 3 | 85 | 14 | 131 | 36700
2025-03-20 12:23:59,161 | recebido | 4 | 12
2025-03-20 12:23:59,386 | envio | 3 | 85 | 15 | 131 | 23259
2025-03-20 12:23:59,794 | recebido | 4 | 12
2025-03-20 12:23:59,988 | envio | 3 | 85 | 16 | 131 | 6140
2025-03-20 12:24:00,376 | recebido | 4 | 12
2025-03-20 12:24:00,596 | envio | 3 | 85 | 17 | 131 | 31152
2025-03-20 12:24:00,964 | recebido | 4 | 12
2025-03-20 12:24:01,158 | envio | 3 | 85 | 18 | 131 | 2930
2025-03-20 12:24:01,544 | recebido | 4 | 12
2025-03-20 12:24:01,787 | envio | 3 | 85 | 19 | 131 | 19599
2025-03-20 12:24:02,158 | recebido | 4 | 12
2025-03-20 12:24:02,400 | envio | 3 | 85 | 20 | 131 | 28467
2025-03-20 12:24:02,791 | recebido | 4 | 12
2025-03-20 12:24:03,024 | envio | 3 | 85 | 21 | 131 | 24150
2025-03-20 12:24:03,300 | recebido | 4 | 12
2025-03-20 12:24:03,486 | envio | 3 | 85 | 22 | 131 | 5357
2025-03-20 12:24:03,880 | recebido | 4 | 12
2025-03-20 12:24:04,078 | envio | 3 | 85 | 23 | 131 | 43828
2025-03-20 12:24:04,502 | recebido | 4 | 12
2025-03-20 12:24:04,702 | envio | 3 | 85 | 24 | 131 | 39827
2025-03-20 12:24:05,109 | recebido | 4 | 12
2025-03-20 12:24:05,334 | envio | 3 | 85 | 25 | 131 | 39613
2025-03-20 12:24:05,728 | recebido | 4 | 12
2025-03-20 12:24:05,921 | envio | 3 | 85 | 26 | 131 | 64785
2025-03-20 12:24:06,326 | recebido | 4 | 12
2025-03-20 12:24:06,570 | envio | 3 | 85 | 27 | 131 | 65504
2025-03-20 12:24:06,922 | recebido | 4 | 12
2025-03-20 12:24:07,114 | envio | 3 | 85 | 28 | 131 | 56034
2025-03-20 12:24:07,518 | recebido | 4 | 12
2025-03-20 12:24:07,774 | envio | 3 | 85 | 29 | 131 | 50474
2025-03-20 12:24:08,104 | recebido | 4 | 12
2025-03-20 12:24:08,332 | envio | 3 | 85 | 30 | 131 | 24943
2025-03-20 12:24:08,734 | recebido | 4 | 12
2025-03-20 12:24:08,941 | envio | 3 | 85 | 31 | 131 | 24837
2025-03-20 12:24:09,348 | recebido | 4 | 12
2025-03-20 12:24:09,525 | envio | 3 | 85 | 32 | 131 | 23771
2025-03-20 12:24:09,919 | recebido | 4 | 12
2025-03-20 12:24:10,117 | envio | 3 | 85 | 33 | 131 | 40562
2025-03-20 12:24:10,520 | recebido | 4 | 12
2025-03-20 12:24:10,736 | envio | 3 | 85 | 34 | 131 | 43909
2025-03-20 12:24:11,123 | recebido | 4 | 12
2025-03-20 12:24:11,332 | envio | 3 | 85 | 35 | 131 | 56825
2025-03-20 12:24:11,681 | recebido | 4 | 12
2025-03-20 12:24:11,908 | envio | 3 | 85 | 36 | 131 | 39125
2025-03-20 12:24:12,294 | recebido | 4 | 12
2025-03-20 12:24:12,502 | envio | 3 | 85 | 37 | 131 | 24288
2025-03-20 12:24:13,044 | recebido | 4 | 12
2025-03-20 12:24:13,258 | envio | 3 | 85 | 38 | 131 | 49991
2025-03-20 12:24:13,492 | recebido | 4 | 12
2025-03-20 12:24:13,694 | envio | 3 | 85 | 39 | 131 | 39900
2025-03-20 12:24:14,114 | recebido | 4 | 12
2025-03-20 12:24:14,332 | envio | 3 | 85 | 40 | 131 | 31240
2025-03-20 12:24:14,726 | recebido | 4 | 12
2025-03-20 12:24:14,950 | envio | 3 | 85 | 41 | 131 | 12187
2025-03-20 12:24:15,273 | recebido | 4 | 12
2025-03-20 12:24:15,494 | envio | 3 | 85 | 42 | 131 | 28108
2025-03-20 12:24:15,900 | recebido | 4 | 12
2025-03-20 12:24:16,122 | envio | 3 | 85 | 43 | 131 | 20990
2025-03-20 12:24:16,538 | recebido | 4 | 12
2025-03-20 12:24:16,800 | envio | 3 | 85 | 44 | 131 | 42852
2025-03-20 12:24:16,994 | recebido | 4 | 12
2025-03-20 12:24:17,223 | envio | 3 | 85 | 45 | 131 | 37358
2025-03-20 12:24:17,623 | recebido | 4 | 12
2025-03-20 12:24:17,840 | envio | 3 | 85 | 46 | 131 | 23123
2025-03-20 12:24:18,345 | recebido | 4 | 12
2025-03-20 12:24:18,588 | envio | 3 | 85 | 47 | 131 | 22384
2025-03-20 12:24:18,896 | recebido | 4 | 12
2025-03-20 12:24:19,135 | envio | 3 | 85 | 48 | 131 | 48536
2025-03-20 12:24:19,492 | recebido | 4 | 12
2025-03-20 12:24:19,708 | envio | 3 | 85 | 49 | 131 | 63759
2025-03-20 12:24:20,048 | recebido | 4 | 12
2025-03-20 12:24:20,255 | envio | 3 | 85 | 50 | 131 | 50995
2025-03-20 12:24:20,628 | recebido | 4 | 12
2025-03-20 12:24:20,834 | envio | 3 | 85 | 51 | 131 | 37747
2025-03-20 12:24:21,252 | recebido | 4 | 12
2025-03-20 12:24:21,456 | envio | 3 | 85 | 52 | 131 | 60601
2025-03-20 12:24:21,876 | recebido | 4 | 12
2025-03-20 12:24:22,108 | envio | 3 | 85 | 53 | 131 | 39651
2025-03-20 12:24:22,484 | recebido | 4 | 12
2025-03-20 12:24:22,680 | envio | 3 | 85 | 54 | 131 | 31688
2025-03-20 12:24:23,118 | recebido | 4 | 12
2025-03-20 12:24:23,376 | envio | 3 | 85 | 55 | 131 | 48305
2025-03-20 12:24:23,668 | recebido | 4 | 12
2025-03-20 12:24:23,910 | envio | 3 | 85 | 56 | 131 | 34251
2025-03-20 12:24:24,248 | recebido | 4 | 12
2025-03-20 12:24:24,468 | envio | 3 | 85 | 57 | 131 | 38610
2025-03-20 12:24:24,855 | recebido | 4 | 12
2025-03-20 12:24:25,086 | envio | 3 | 85 | 58 | 131 | 14937
2025-03-20 12:24:25,445 | recebido | 4 | 12
2025-03-20 12:24:25,660 | envio | 3 | 85 | 59 | 131 | 48264
2025-03-20 12:24:26,014 | recebido | 4 | 12
2025-03-20 12:24:26,214 | envio | 3 | 85 | 60 | 131 | 57389
2025-03-20 12:24:26,609 | recebido | 4 | 12
2025-03-20 12:24:26,791 | envio | 3 | 85 | 61 | 131 | 41237
2025-03-20 12:24:27,322 | recebido | 4 | 12
2025-03-20 12:24:27,551 | envio | 3 | 85 | 62 | 131 | 11366
2025-03-20 12:24:27,826 | recebido | 4 | 12
2025-03-20 12:24:28,044 | envio | 3 | 85 | 63 | 131 | 56379
2025-03-20 12:24:28,472 | recebido | 4 | 12
2025-03-20 12:24:28,674 | envio | 3 | 85 | 64 | 131 | 21676
2025-03-20 12:24:29,048 | recebido | 4 | 12
2025-03-20 12:24:29,248 | envio | 3 | 85 | 65 | 131 | 49024
2025-03-20 12:24:29,748 | recebido | 4 | 12
2025-03-20 12:24:29,959 | envio | 3 | 85 | 66 | 131 | 11425
2025-03-20 12:24:30,290 | recebido | 4 | 12
2025-03-20 12:24:30,513 | envio | 3 | 85 | 67 | 131 | 21404
2025-03-20 12:24:30,811 | recebido | 4 | 12
2025-03-20 12:24:31,045 | envio | 3 | 85 | 68 | 131 | 43713
2025-03-20 12:24:31,520 | recebido | 4 | 12
2025-03-20 12:24:31,730 | envio | 3 | 85 | 69 | 131 | 29147
2025-03-20 12:24:31,986 | recebido | 4 | 12
2025-03-20 12:24:32,184 | envio | 3 | 85 | 70 | 131 | 31947
2025-03-20 12:24:32,611 | recebido | 4 | 12
2025-03-20 12:24:32,838 | envio | 3 | 85 | 71 | 131 | 10785
2025-03-20 12:24:33,210 | recebido | 4 | 12
2025-03-20 12:24:33,428 | envio | 3 | 85 | 72 | 131 | 19401
2025-03-20 12:24:33,950 | recebido | 4 | 12
2025-03-20 12:24:34,149 | envio | 3 | 85 | 73 | 131 | 10201
2025-03-20 12:24:34,492 | recebido | 4 | 12
2025-03-20 12:24:34,702 | envio | 3 | 85 | 74 | 131 | 42934
2025-03-20 12:24:35,156 | recebido | 4 | 12
2025-03-20 12:24:35,360 | envio | 3 | 85 | 75 | 131 | 13124
2025-03-20 12:24:35,716 | recebido | 4 | 12
2025-03-20 12:24:35,932 | envio | 3 | 85 | 76 | 131 | 65530
2025-03-20 12:24:36,331 | recebido | 4 | 12
2025-03-20 12:24:36,542 | envio | 3 | 85 | 77 | 131 | 29139
2025-03-20 12:24:36,898 | recebido | 4 | 12
2025-03-20 12:24:37,094 | envio | 3 | 85 | 78 | 131 | 24056
2025-03-20 12:24:37,472 | recebido | 4 | 12
2025-03-20 12:24:37,728 | envio | 3 | 85 | 79 | 131 | 35436
2025-03-20 12:24:38,027 | recebido | 4 | 12
2025-03-20 12:24:38,214 | envio | 3 | 85 | 80 | 131 | 31277
2025-03-20 12:24:38,689 | recebido | 4 | 12
2025-03-20 12:24:38,914 | envio | 3 | 85 | 81 | 131 | 62622
2025-03-20 12:24:39,326 | recebido | 4 | 12
2025-03-20 12:24:39,558 | envio | 3 | 85 | 82 | 131 | 58205
2025-03-20 12:24:39,880 | recebido | 4 | 12
2025-03-20 12:24:40,099 | envio | 3 | 85 | 83 | 131 | 39233
2025-03-20 12:24:40,494 | recebido | 4 | 12
2025-03-20 12:24:40,672 | envio | 3 | 85 | 84 | 131 | 26447
2025-03-20 12:24:41,066 | recebido | 4 | 12
2025-03-20 12:24:41,278 | envio | 3 | 85 | 85 | 131 | 61627
2025-03-20 12:24:41,529 | recebido | 4 | 12
2025-03-20 12:24:41,720 | envio | 3 | 85 | 86 | 131 | 31640
2025-03-20 12:24:42,130 | recebido | 4 | 12
2025-03-20 12:24:42,324 | envio | 3 | 85 | 87 | 131 | 46238
2025-03-20 12:24:42,719 | recebido | 4 | 12
2025-03-20 12:24:42,918 | envio | 3 | 85 | 88 | 131 | 34503
2025-03-20 12:24:43,352 | recebido | 4 | 12
2025-03-20 12:24:43,552 | envio | 3 | 85 | 89 | 131 | 2680
2025-03-20 12:24:43,983 | recebido | 4 | 12
2025-03-20 12:24:44,186 | envio | 3 | 85 | 90 | 131 | 7937
2025-03-20 12:24:44,576 | recebido | 4 | 12
2025-03-20 12:24:44,792 | envio | 3 | 85 | 91 | 131 | 8429
2025-03-20 12:24:45,212 | recebido | 4 | 12
2025-03-20 12:24:45,432 | envio | 3 | 85 | 92 | 131 | 16492
2025-03-20 12:24:45,723 | recebido | 4 | 12
2025-03-20 12:24:45,936 | envio | 3 | 85 | 93 | 131 | 6945
2025-03-20 12:24:46,402 | recebido | 4 | 12
2025-03-20 12:24:46,606 | envio | 3 | 85 | 94 | 131 | 17482
2025-03-20 12:24:47,012 | recebido | 4 | 12
2025-03-20 12:24:47,231 | envio | 3 | 85 | 95 | 131 | 64940
2025-03-20 12:24:47,628 | recebido | 4 | 12
2025-03-20 12:24:47,836 | envio | 3 | 85 | 96 | 131 | 46067
2025-03-20 12:24:48,062 | recebido | 4 | 12
2025-03-20 12:24:48,257 | envio | 3 | 85 | 97 | 131 | 21639
2025-03-20 12:24:48,667 | recebido | 4 | 12
2025-03-20 12:24:48,852 | envio | 3 | 85 | 98 | 131 | 7699
2025-03-20 12:24:49,252 | recebido | 4 | 12
2025-03-20 12:24:49,452 | envio | 3 | 85 | 99 | 131 | 47766
2025-03-20 12:24:49,953 | recebido | 4 | 12
2025-03-20 12:24:50,150 | envio | 3 | 85 | 100 | 131 | 54676
2025-03-20 12:24:50,498 | recebido | 4 | 12
2025-03-20 12:24:50,717 | envio | 3 | 85 | 101 | 131 | 39462
2025-03-20 12:24:51,062 | recebido | 4 | 12
2025-03-20 12:24:51,269 | envio | 3 | 85 | 102 | 131 | 51486
2025-03-20 12:24:51,656 | recebido | 4 | 12
2025-03-20 12:24:51,854 | envio | 3 | 85 | 103 | 131 | 65490
2025-03-20 12:24:52,255 | recebido | 4 | 12
2025-03-20 12:24:52,438 | envio | 3 | 85 | 104 | 131 | 27461
2025-03-20 12:24:52,838 | recebido | 4 | 12
2025-03-20 12:24:53,048 | envio | 3 | 85 | 105 | 131 | 15491
2025-03-20 12:24:53,344 | recebido | 4 | 12
2025-03-20 12:24:53,553 | envio | 3 | 85 | 106 | 131 | 60321
2025-03-20 12:24:53,963 | recebido | 4 | 12
2025-03-20 12:24:54,154 | envio | 3 | 85 | 107 | 131 | 10387
2025-03-20 12:24:54,552 | recebido | 4 | 12
2025-03-20 12:24:54,745 | envio | 3 | 85 | 108 | 131 | 17106
2025-03-20 12:24:55,142 | recebido | 4 | 12
2025-03-20 12:24:55,346 | envio | 3 | 85 | 109 | 131 | 38411
2025-03-20 12:24:55,750 | recebido | 4 | 12
2025-03-20 12:24:55,953 | envio | 3 | 85 | 110 | 131 | 31130
2025-03-20 12:24:56,372 | recebido | 4 | 12
2025-03-20 12:24:56,570 | envio | 3 | 85 | 111 | 131 | 1647
2025-03-20 12:24:56,926 | recebido | 4 | 12
2025-03-20 12:24:57,122 | envio | 3 | 85 | 112 | 131 | 61898
2025-03-20 12:24:57,561 | recebido | 4 | 12
2025-03-20 12:24:57,770 | envio | 3 | 85 | 113 | 131 | 28970
2025-03-20 12:24:58,031 | recebido | 4 | 12
2025-03-20 12:24:58,262 | envio | 3 | 85 | 114 | 131 | 8597
2025-03-20 12:24:58,592 | recebido | 4 | 12
2025-03-20 12:24:58,810 | envio | 3 | 85 | 115 | 131 | 54265
2025-03-20 12:24:59,222 | recebido | 4 | 12
2025-03-20 12:24:59,415 | envio | 3 | 85 | 116 | 131 | 12738
2025-03-20 12:24:59,866 | recebido | 4 | 12
2025-03-20 12:25:00,090 | envio | 3 | 85 | 117 | 131 | 12002
2025-03-20 12:25:00,308 | recebido | 4 | 12
2025-03-20 12:25:00,510 | envio | 3 | 85 | 118 | 131 | 20768
2025-03-20 12:25:00,999 | recebido | 4 | 12
2025-03-20 12:25:01,228 | envio | 3 | 85 | 119 | 131 | 24233
2025-03-20 12:25:01,606 | recebido | 4 | 12
2025-03-20 12:25:01,836 | envio | 3 | 85 | 120 | 131 | 27563
2025-03-20 12:25:02,222 | recebido | 4 | 12
2025-03-20 12:25:02,429 | envio | 3 | 85 | 121 | 131 | 17233
2025-03-20 12:25:02,818 | recebido | 4 | 12
2025-03-20 12:25:03,024 | envio | 3 | 85 | 122 | 131 | 5777
2025-03-20 12:25:03,446 | recebido | 4 | 12
2025-03-20 12:25:03,656 | envio | 3 | 85 | 123 | 131 | 40688
2025-03-20 12:25:03,891 | recebido | 4 | 12
2025-03-20 12:25:04,134 | envio | 3 | 85 | 124 | 131 | 62663
2025-03-20 12:25:04,478 | recebido | 4 | 12
2025-03-20 12:25:04,692 | envio | 3 | 85 | 125 | 131 | 46628
2025-03-20 12:25:05,062 | recebido | 4 | 12
2025-03-20 12:25:05,262 | envio | 3 | 85 | 126 | 131 | 19623
2025-03-20 12:25:05,716 | recebido | 4 | 12
2025-03-20 12:25:05,940 | envio | 3 | 85 | 127 | 131 | 8433
2025-03-20 12:25:06,294 | recebido | 4 | 12
2025-03-20 12:25:06,534 | envio | 3 | 85 | 128 | 131 | 20588
2025-03-20 12:25:06,944 | recebido | 4 | 12
2025-03-20 12:25:07,172 | envio | 3 | 85 | 129 | 131 | 18918
2025-03-20 12:25:07,400 | recebido | 4 | 12
2025-03-20 12:25:07,590 | envio | 3 | 34 | 130 | 131 | 59301
2025-03-20 12:25:08,105 | recebido | 4 | 12
2025-03-20 12:31:23,280 | envio | 3 | 85 | 0 | 131 | 43849
2025-03-20 12:31:23,706 | recebido | 4 | 12
2025-03-20 12:31:23,930 | envio | 3 | 85 | 1 | 131 | 8976
2025-03-20 12:31:24,294 | recebido | 4 | 12
2025-03-20 12:31:24,492 | envio | 3 | 85 | 2 | 131 | 31513
2025-03-20 12:31:24,888 | recebido | 4 | 12
2025-03-20 12:31:25,112 | envio | 3 | 85 | 3 | 131 | 24247
2025-03-20 12:31:25,435 | recebido | 4 | 12
2025-03-20 12:31:25,661 | envio | 3 | 85 | 4 | 131 | 7343
2025-03-20 12:31:26,056 | recebido | 4 | 12
2025-03-20 12:31:26,274 | envio | 3 | 85 | 5 | 131 | 57468
2025-03-20 12:31:26,678 | recebido | 4 | 12
2025-03-20 12:31:26,900 | envio | 3 | 85 | 6 | 131 | 16419
2025-03-20 12:31:27,283 | recebido | 4 | 12
2025-03-20 12:31:27,550 | envio | 3 | 85 | 7 | 131 | 55635
2025-03-20 12:31:27,890 | recebido | 4 | 12
2025-03-20 12:31:28,136 | envio | 3 | 85 | 8 | 131 | 25375
2025-03-20 12:31:28,468 | recebido | 4 | 12
2025-03-20 12:31:28,710 | envio | 3 | 85 | 9 | 131 | 48155
2025-03-20 12:31:29,064 | recebido | 4 | 12
2025-03-20 12:31:29,290 | envio | 3 | 85 | 10 | 131 | 14644
2025-03-20 12:31:29,614 | recebido | 4 | 12
2025-03-20 12:31:29,830 | envio | 3 | 85 | 11 | 131 | 39371
2025-03-20 12:31:30,362 | recebido | 4 | 12
2025-03-20 12:31:30,564 | envio | 3 | 85 | 12 | 131 | 45281
2025-03-20 12:31:30,953 | recebido | 4 | 12
2025-03-20 12:31:31,161 | envio | 3 | 85 | 13 | 131 | 63546
2025-03-20 12:31:31,532 | recebido | 4 | 12
2025-03-20 12:31:31,772 | envio | 3 | 85 | 14 | 131 | 36700
2025-03-20 12:31:32,091 | recebido | 4 | 12
2025-03-20 12:31:32,273 | envio | 3 | 85 | 15 | 131 | 23259
2025-03-20 12:31:32,715 | recebido | 4 | 12
2025-03-20 12:31:32,899 | envio | 3 | 85 | 16 | 131 | 6140
2025-03-20 12:31:33,320 | recebido | 4 | 12
2025-03-20 12:31:33,532 | envio | 3 | 85 | 17 | 131 | 31152
2025-03-20 12:31:33,806 | recebido | 4 | 12
2025-03-20 12:31:34,006 | envio | 3 | 85 | 18 | 131 | 2930
2025-03-20 12:31:34,481 | recebido | 4 | 12
2025-03-20 12:31:34,698 | envio | 3 | 85 | 19 | 131 | 19599
2025-03-20 12:31:35,067 | recebido | 4 | 12
2025-03-20 12:31:35,268 | envio | 3 | 85 | 20 | 131 | 28467
2025-03-20 12:31:35,664 | recebido | 4 | 12
2025-03-20 12:31:35,891 | envio | 3 | 85 | 21 | 131 | 24150
2025-03-20 12:31:36,261 | recebido | 4 | 12
2025-03-20 12:31:36,434 | envio | 3 | 85 | 22 | 131 | 5357
2025-03-20 12:31:36,810 | recebido | 4 | 12
2025-03-20 12:31:37,014 | envio | 3 | 85 | 23 | 131 | 43828
2025-03-20 12:31:37,410 | recebido | 4 | 12
2025-03-20 12:31:37,597 | envio | 3 | 85 | 24 | 131 | 39827
2025-03-20 12:31:37,988 | recebido | 4 | 12
2025-03-20 12:31:38,197 | envio | 3 | 85 | 25 | 131 | 39613
2025-03-20 12:31:38,519 | recebido | 4 | 12
2025-03-20 12:31:38,704 | envio | 3 | 85 | 26 | 131 | 64785
2025-03-20 12:31:39,219 | recebido | 4 | 12
2025-03-20 12:31:39,442 | envio | 3 | 85 | 27 | 131 | 65504
2025-03-20 12:31:39,677 | recebido | 4 | 12
2025-03-20 12:31:39,869 | envio | 3 | 85 | 28 | 131 | 56034
2025-03-20 12:31:40,440 | recebido | 4 | 12
2025-03-20 12:31:40,668 | envio | 3 | 85 | 29 | 131 | 50474
2025-03-20 12:31:40,855 | recebido | 4 | 12
2025-03-20 12:31:41,058 | envio | 3 | 85 | 30 | 131 | 24943
2025-03-20 12:31:41,437 | recebido | 4 | 12
2025-03-20 12:31:41,635 | envio | 3 | 85 | 31 | 131 | 24837
2025-03-20 12:31:42,192 | recebido | 4 | 12
2025-03-20 12:31:42,424 | envio | 3 | 85 | 32 | 131 | 23771
2025-03-20 12:31:42,701 | recebido | 4 | 12
2025-03-20 12:31:42,911 | envio | 3 | 85 | 33 | 131 | 40562
2025-03-20 12:31:43,378 | recebido | 4 | 12
2025-03-20 12:31:43,601 | envio | 3 | 85 | 34 | 131 | 43909
2025-03-20 12:31:43,974 | recebido | 4 | 12
2025-03-20 12:31:44,172 | envio | 3 | 85 | 35 | 131 | 56825
2025-03-20 12:31:44,512 | recebido | 4 | 12
2025-03-20 12:31:44,730 | envio | 3 | 85 | 36 | 131 | 39125
2025-03-20 12:31:45,144 | recebido | 4 | 12
2025-03-20 12:31:45,365 | envio | 3 | 85 | 37 | 131 | 24288
2025-03-20 12:31:45,696 | recebido | 4 | 12
2025-03-20 12:31:45,904 | envio | 3 | 85 | 38 | 131 | 49991
2025-03-20 12:31:46,404 | recebido | 4 | 12
2025-03-20 12:31:46,629 | envio | 3 | 85 | 39 | 131 | 39900
2025-03-20 12:31:46,883 | recebido | 4 | 12
2025-03-20 12:31:47,095 | envio | 3 | 85 | 40 | 131 | 31240
2025-03-20 12:31:47,475 | recebido | 4 | 12
2025-03-20 12:31:47,702 | envio | 3 | 85 | 41 | 131 | 12187
2025-03-20 12:31:48,098 | recebido | 4 | 12
2025-03-20 12:31:48,349 | envio | 3 | 85 | 42 | 131 | 28108
2025-03-20 12:31:48,728 | recebido | 4 | 12
2025-03-20 12:31:48,963 | envio | 3 | 85 | 43 | 131 | 20990
2025-03-20 12:31:49,319 | recebido | 4 | 12
2025-03-20 12:31:49,570 | envio | 3 | 85 | 44 | 131 | 42852
2025-03-20 12:31:49,914 | recebido | 4 | 12
2025-03-20 12:31:50,121 | envio | 3 | 85 | 45 | 131 | 37358
2025-03-20 12:31:50,524 | recebido | 4 | 12
2025-03-20 12:31:50,782 | envio | 3 | 85 | 46 | 131 | 23123
2025-03-20 12:31:51,170 | recebido | 4 | 12
2025-03-20 12:31:51,382 | envio | 3 | 85 | 47 | 131 | 22384
2025-03-20 12:31:51,601 | recebido | 4 | 12
2025-03-20 12:31:51,811 | envio | 3 | 85 | 48 | 131 | 48536
2025-03-20 12:31:52,253 | recebido | 4 | 12
2025-03-20 12:31:52,468 | envio | 3 | 85 | 49 | 131 | 63759
2025-03-20 12:31:52,801 | recebido | 4 | 12
2025-03-20 12:31:52,981 | envio | 3 | 85 | 50 | 131 | 50995
2025-03-20 12:31:53,396 | recebido | 4 | 12
2025-03-20 12:31:53,618 | envio | 3 | 85 | 51 | 131 | 37747
2025-03-20 12:31:54,010 | recebido | 4 | 12
2025-03-20 12:31:54,234 | envio | 3 | 85 | 52 | 131 | 60601
2025-03-20 12:31:54,569 | recebido | 4 | 12
2025-03-20 12:31:54,792 | envio | 3 | 85 | 53 | 131 | 39651
2025-03-20 12:31:55,166 | recebido | 4 | 12
2025-03-20 12:31:55,362 | envio | 3 | 85 | 54 | 131 | 31688
2025-03-20 12:31:55,766 | recebido | 4 | 12
2025-03-20 12:31:55,973 | envio | 3 | 85 | 55 | 131 | 48305
2025-03-20 12:31:56,391 | recebido | 4 | 12
2025-03-20 12:31:56,607 | envio | 3 | 85 | 56 | 131 | 34251
2025-03-20 12:31:56,912 | recebido | 4 | 12
2025-03-20 12:31:57,141 | envio | 3 | 85 | 57 | 131 | 38610
2025-03-20 12:31:57,520 | recebido | 4 | 12
2025-03-20 12:31:57,742 | envio | 3 | 85 | 58 | 131 | 14937
2025-03-20 12:31:58,146 | recebido | 4 | 12
2025-03-20 12:31:58,371 | envio | 3 | 85 | 59 | 131 | 48264
2025-03-20 12:31:58,686 | recebido | 4 | 12
2025-03-20 12:31:58,881 | envio | 3 | 85 | 60 | 131 | 57389
2025-03-20 12:31:59,412 | recebido | 4 | 12
2025-03-20 12:31:59,637 | envio | 3 | 85 | 61 | 131 | 41237
2025-03-20 12:31:59,946 | recebido | 4 | 12
2025-03-20 12:32:00,158 | envio | 3 | 85 | 62 | 131 | 11366
2025-03-20 12:32:00,507 | recebido | 4 | 12
2025-03-20 12:32:00,708 | envio | 3 | 85 | 63 | 131 | 56379
2025-03-20 12:32:01,076 | recebido | 4 | 12
2025-03-20 12:32:01,272 | envio | 3 | 85 | 64 | 131 | 21676
2025-03-20 12:32:01,724 | recebido | 4 | 12
2025-03-20 12:32:01,943 | envio | 3 | 85 | 65 | 131 | 49024
2025-03-20 12:32:02,324 | recebido | 4 | 12
2025-03-20 12:32:02,518 | envio | 3 | 85 | 66 | 131 | 11425
2025-03-20 12:32:02,874 | recebido | 4 | 12
2025-03-20 12:32:03,082 | envio | 3 | 85 | 67 | 131 | 21404
2025-03-20 12:32:03,514 | recebido | 4 | 12
2025-03-20 12:32:03,717 | envio | 3 | 85 | 68 | 131 | 43713
2025-03-20 12:32:04,094 | recebido | 4 | 12
2025-03-20 12:32:04,339 | envio | 3 | 85 | 69 | 131 | 29147
2025-03-20 12:32:04,675 | recebido | 4 | 12
2025-03-20 12:32:04,907 | envio | 3 | 85 | 70 | 131 | 31947
2025-03-20 12:32:05,288 | recebido | 4 | 12
2025-03-20 12:32:05,476 | envio | 3 | 85 | 71 | 131 | 10785
2025-03-20 12:32:05,985 | recebido | 4 | 12
2025-03-20 12:32:06,192 | envio | 3 | 85 | 72 | 131 | 19401
2025-03-20 12:32:06,564 | recebido | 4 | 12
2025-03-20 12:32:06,776 | envio | 3 | 85 | 73 | 131 | 10201
2025-03-20 12:32:07,151 | recebido | 4 | 12
2025-03-20 12:32:07,360 | envio | 3 | 85 | 74 | 131 | 42934
2025-03-20 12:32:07,707 | recebido | 4 | 12
2025-03-20 12:32:07,916 | envio | 3 | 85 | 75 | 131 | 13124
2025-03-20 12:32:08,360 | recebido | 4 | 12
2025-03-20 12:32:08,554 | envio | 3 | 85 | 76 | 131 | 65530
2025-03-20 12:32:08,806 | recebido | 4 | 12
2025-03-20 12:32:08,998 | envio | 3 | 85 | 77 | 131 | 29139
2025-03-20 12:32:09,375 | recebido | 4 | 12
2025-03-20 12:32:09,578 | envio | 3 | 85 | 78 | 131 | 24056
2025-03-20 12:32:10,012 | recebido | 4 | 12
2025-03-20 12:32:10,239 | envio | 3 | 85 | 79 | 131 | 35436
2025-03-20 12:32:10,650 | recebido | 4 | 12
2025-03-20 12:32:10,862 | envio | 3 | 85 | 80 | 131 | 31277
2025-03-20 12:32:11,274 | recebido | 4 | 12
2025-03-20 12:32:11,513 | envio | 3 | 85 | 81 | 131 | 62622
2025-03-20 12:32:11,882 | recebido | 4 | 12
2025-03-20 12:32:12,100 | envio | 3 | 85 | 82 | 131 | 58205
2025-03-20 12:32:12,456 | recebido | 4 | 12
2025-03-20 12:32:12,690 | envio | 3 | 85 | 83 | 131 | 39233
2025-03-20 12:32:13,036 | recebido | 4 | 12
2025-03-20 12:32:13,236 | envio | 3 | 85 | 84 | 131 | 26447
2025-03-20 12:32:13,615 | recebido | 4 | 12
2025-03-20 12:32:13,875 | envio | 3 | 85 | 85 | 131 | 61627
2025-03-20 12:32:14,174 | recebido | 4 | 12
2025-03-20 12:32:14,376 | envio | 3 | 85 | 86 | 131 | 31640
2025-03-20 12:32:14,875 | recebido | 4 | 12
2025-03-20 12:32:15,094 | envio | 3 | 85 | 87 | 131 | 46238
2025-03-20 12:32:15,457 | recebido | 4 | 12
2025-03-20 12:32:15,674 | envio | 3 | 85 | 88 | 131 | 34503
2025-03-20 12:32:16,030 | recebido | 4 | 12
2025-03-20 12:32:16,238 | envio | 3 | 85 | 89 | 131 | 2680
2025-03-20 12:32:16,644 | recebido | 4 | 12
2025-03-20 12:32:16,852 | envio | 3 | 85 | 90 | 131 | 7937
2025-03-20 12:32:17,163 | recebido | 4 | 12
2025-03-20 12:32:17,380 | envio | 3 | 85 | 91 | 131 | 8429
2025-03-20 12:32:17,712 | recebido | 4 | 12
2025-03-20 12:32:17,922 | envio | 3 | 85 | 92 | 131 | 16492
2025-03-20 12:32:18,290 | recebido | 4 | 12
2025-03-20 12:32:18,527 | envio | 3 | 85 | 93 | 131 | 6945
2025-03-20 12:32:18,942 | recebido | 4 | 12
2025-03-20 12:32:19,201 | envio | 3 | 85 | 94 | 131 | 17482
2025-03-20 12:32:19,636 | recebido | 4 | 12
2025-03-20 12:32:19,861 | envio | 3 | 85 | 95 | 131 | 64940
2025-03-20 12:32:20,224 | recebido | 4 | 12
2025-03-20 12:32:20,451 | envio | 3 | 85 | 96 | 131 | 46067
2025-03-20 12:32:20,880 | recebido | 4 | 12
2025-03-20 12:32:21,096 | envio | 3 | 85 | 97 | 131 | 21639
2025-03-20 12:32:21,431 | recebido | 4 | 12
2025-03-20 12:32:21,671 | envio | 3 | 85 | 98 | 131 | 7699
2025-03-20 12:32:22,018 | recebido | 4 | 12
2025-03-20 12:32:22,283 | envio | 3 | 85 | 99 | 131 | 47766
2025-03-20 12:32:22,623 | recebido | 4 | 12
2025-03-20 12:32:22,818 | envio | 3 | 85 | 100 | 131 | 54676
2025-03-20 12:32:23,208 | recebido | 4 | 12
2025-03-20 12:32:23,451 | envio | 3 | 85 | 101 | 131 | 39462
2025-03-20 12:32:23,769 | recebido | 4 | 12
2025-03-20 12:32:23,963 | envio | 3 | 85 | 102 | 131 | 51486
2025-03-20 12:32:24,503 | recebido | 4 | 12
2025-03-20 12:32:24,706 | envio | 3 | 85 | 103 | 131 | 65490
2025-03-20 12:32:25,037 | recebido | 4 | 12
2025-03-20 12:32:25,241 | envio | 3 | 85 | 104 | 131 | 27461
2025-03-20 12:32:25,508 | recebido | 4 | 12
2025-03-20 12:32:25,695 | envio | 3 | 85 | 105 | 131 | 15491
2025-03-20 12:32:26,139 | recebido | 4 | 12
2025-03-20 12:32:26,377 | envio | 3 | 85 | 106 | 131 | 60321
2025-03-20 12:32:26,781 | recebido | 4 | 12
2025-03-20 12:32:27,012 | envio | 3 | 85 | 107 | 131 | 10387
2025-03-20 12:32:27,362 | recebido | 4 | 12
2025-03-20 12:32:27,564 | envio | 3 | 85 | 108 | 131 | 17106
2025-03-20 12:32:28,009 | recebido | 4 | 12
2025-03-20 12:32:28,218 | envio | 3 | 85 | 109 | 131 | 38411
2025-03-20 12:32:28,585 | recebido | 4 | 12
2025-03-20 12:32:28,810 | envio | 3 | 85 | 110 | 131 | 31130
2025-03-20 12:32:29,160 | recebido | 4 | 12
2025-03-20 12:32:29,360 | envio | 3 | 85 | 111 | 131 | 1647
2025-03-20 12:32:29,744 | recebido | 4 | 12
2025-03-20 12:32:30,007 | envio | 3 | 85 | 112 | 131 | 61898
2025-03-20 12:32:30,389 | recebido | 4 | 12
2025-03-20 12:32:30,600 | envio | 3 | 85 | 113 | 131 | 28970
2025-03-20 12:32:30,972 | recebido | 4 | 12
2025-03-20 12:32:31,192 | envio | 3 | 85 | 114 | 131 | 8597
2025-03-20 12:32:31,579 | recebido | 4 | 12
2025-03-20 12:32:31,832 | envio | 3 | 85 | 115 | 131 | 54265
2025-03-20 12:32:32,146 | recebido | 4 | 12
2025-03-20 12:32:32,363 | envio | 3 | 85 | 116 | 131 | 12738
2025-03-20 12:32:32,773 | recebido | 4 | 12
2025-03-20 12:32:33,021 | envio | 3 | 85 | 117 | 131 | 12002
2025-03-20 12:32:33,402 | recebido | 4 | 12
2025-03-20 12:32:33,604 | envio | 3 | 85 | 118 | 131 | 20768
2025-03-20 12:32:33,933 | recebido | 4 | 12
2025-03-20 12:32:34,145 | envio | 3 | 85 | 119 | 131 | 24233
2025-03-20 12:32:34,454 | recebido | 4 | 12
2025-03-20 12:32:34,689 | envio | 3 | 85 | 120 | 131 | 27563
2025-03-20 12:32:35,148 | recebido | 4 | 12
2025-03-20 12:32:35,356 | envio | 3 | 85 | 121 | 131 | 17233
2025-03-20 12:32:35,617 | recebido | 4 | 12
2025-03-20 12:32:35,844 | envio | 3 | 85 | 122 | 131 | 5777
2025-03-20 12:32:36,332 | recebido | 4 | 12
2025-03-20 12:32:36,562 | envio | 3 | 85 | 123 | 131 | 40688
2025-03-20 12:32:36,862 | recebido | 4 | 12
2025-03-20 12:32:37,072 | envio | 3 | 85 | 124 | 131 | 62663
2025-03-20 12:32:37,488 | recebido | 4 | 12
2025-03-20 12:32:37,698 | envio | 3 | 85 | 125 | 131 | 46628
2025-03-20 12:32:38,036 | recebido | 4 | 12
2025-03-20 12:32:38,223 | envio | 3 | 85 | 126 | 131 | 19623
2025-03-20 12:32:38,627 | recebido | 4 | 12
2025-03-20 12:32:38,830 | envio | 3 | 85 | 127 | 131 | 8433
2025-03-20 12:32:39,241 | recebido | 4 | 12
2025-03-20 12:32:39,469 | envio | 3 | 85 | 128 | 131 | 20588
2025-03-20 12:32:39,830 | recebido | 4 | 12
2025-03-20 12:32:40,062 | envio | 3 | 85 | 129 | 131 | 18918
2025-03-20 12:32:40,393 | recebido | 4 | 12
2025-03-20 12:32:40,640 | envio | 3 | 34 | 130 | 131 | 59301
2025-03-20 12:32:41,006 | recebido | 4 | 12
